[2020-05-09 21:11:11] info: Arasaac API REST running in http://localhost:3000
[2020-05-09 21:11:11] info: Arasaac API REST running in http://localhost:3000
[2020-05-09 21:11:11] info: Arasaac API REST running in http://localhost:3000
[2020-05-09 21:11:11] info: Arasaac API REST running in http://localhost:3000
[2020-05-09 21:11:11] info: Successful database connection
[2020-05-09 21:11:13] info: Successful database connection
[2020-05-09 21:11:13] info: Successful database connection
[2020-05-09 21:11:13] info: Successful database connection
[2020-05-09 21:11:13] info: Successful database connection
[2020-05-09 21:11:39] info: HTTP GET request [/api/categories] from ::1
[2020-05-09 21:11:39] info: Request successfully completed
[2020-05-09 21:11:48] info: HTTP GET request [/api/pictograms] from ::1
[2020-05-09 21:11:50] info: Request successfully completed
[2020-05-09 21:12:08] info: HTTP GET request [/api/categories] from ::1
[2020-05-09 21:12:08] info: Request successfully completed
[2020-05-09 21:12:51] warn: Database disconnected
[2020-05-09 21:12:51] warn: Database disconnected
[2020-05-09 21:12:51] warn: Database disconnected
[2020-05-09 21:12:51] warn: Database disconnected
[2020-05-09 21:12:51] warn: Database disconnected
[2020-05-09 21:12:51] info: Arasaac API stopped
[2020-05-09 21:12:51] info: Arasaac API stopped
